<?xml version="1.0" encoding="UTF-8"?>
<!-- Generated by org.testng.reporters.JUnitXMLReporter -->
<testsuite ignored="2" hostname="PGPL-14" failures="3" tests="3" name="Test" time="0.451" errors="0" timestamp="2023-06-26T17:58:09 IST">
  <testcase classname="com.crm.orangehrm.framework.Deletepim" name="search" time="0.192">
    <failure type="java.lang.NullPointerException" message="Cannot invoke &amp;quot;org.openqa.selenium.SearchContext.findElement(org.openqa.selenium.By)&amp;quot; because &amp;quot;this.searchContext&amp;quot; is null">
      <![CDATA[java.lang.NullPointerException: Cannot invoke "org.openqa.selenium.SearchContext.findElement(org.openqa.selenium.By)" because "this.searchContext" is null
at org.openqa.selenium.support.pagefactory.DefaultElementLocator.findElement(DefaultElementLocator.java:70)
at org.openqa.selenium.support.pagefactory.internal.LocatingElementHandler.invoke(LocatingElementHandler.java:39)
at jdk.proxy2/jdk.proxy2.$Proxy12.click(Unknown Source)
at com.ObjectRepository.Homepage.clickonPIM(Homepage.java:55)
at com.crm.orangehrm.framework.Deletepim.search(Deletepim.java:13)
at java.base/java.util.ArrayList.forEach(ArrayList.java:1511)
... Removed 27 stack frames]]>
    </failure>
  </testcase> <!-- search -->
  <testcase classname="com.crm.orangehrm.framework.AddEmployee" name="AddEmployeeDetails" time="0.016">
    <failure type="java.lang.NullPointerException" message="Cannot invoke &amp;quot;org.openqa.selenium.SearchContext.findElement(org.openqa.selenium.By)&amp;quot; because &amp;quot;this.searchContext&amp;quot; is null">
      <![CDATA[java.lang.NullPointerException: Cannot invoke "org.openqa.selenium.SearchContext.findElement(org.openqa.selenium.By)" because "this.searchContext" is null
at org.openqa.selenium.support.pagefactory.DefaultElementLocator.findElement(DefaultElementLocator.java:70)
at org.openqa.selenium.support.pagefactory.internal.LocatingElementHandler.invoke(LocatingElementHandler.java:39)
at jdk.proxy2/jdk.proxy2.$Proxy12.click(Unknown Source)
at com.ObjectRepository.Homepage.clickonPIM(Homepage.java:55)
at com.crm.orangehrm.framework.AddEmployee.AddEmployeeDetails(AddEmployee.java:17)
at java.base/java.util.ArrayList.forEach(ArrayList.java:1511)
... Removed 27 stack frames]]>
    </failure>
  </testcase> <!-- AddEmployeeDetails -->
  <testcase classname="com.crm.orangehrm.framework.EnterPersonalDetails" name="enterpd" time="0.01">
    <failure type="java.lang.NullPointerException" message="Cannot invoke &amp;quot;org.openqa.selenium.SearchContext.findElement(org.openqa.selenium.By)&amp;quot; because &amp;quot;this.searchContext&amp;quot; is null">
      <![CDATA[java.lang.NullPointerException: Cannot invoke "org.openqa.selenium.SearchContext.findElement(org.openqa.selenium.By)" because "this.searchContext" is null
at org.openqa.selenium.support.pagefactory.DefaultElementLocator.findElement(DefaultElementLocator.java:70)
at org.openqa.selenium.support.pagefactory.internal.LocatingElementHandler.invoke(LocatingElementHandler.java:39)
at jdk.proxy2/jdk.proxy2.$Proxy12.click(Unknown Source)
at com.ObjectRepository.Homepage.clickonMyInfo(Homepage.java:75)
at com.crm.orangehrm.framework.EnterPersonalDetails.enterpd(EnterPersonalDetails.java:15)
at java.base/java.util.ArrayList.forEach(ArrayList.java:1511)
... Removed 27 stack frames]]>
    </failure>
  </testcase> <!-- enterpd -->
  <testcase classname="com.crm.orangehrm.framework.tracker" name="track" time="0.0">
    <ignored/>
  </testcase> <!-- track -->
  <testcase classname="com.crm.orangehrm.framework.kpis" name="kp" time="0.0">
    <ignored/>
  </testcase> <!-- kp -->
</testsuite> <!-- Test -->
